Using pre-set license
Built from '2020.3/staging' branch; Version is '2020.3.19f1 (68f137dc9bbe) revision 6877495'; Using compiler version '192528614'; Build Type 'Release'
OS: 'Windows 10 Home Single Language; OS build 19043.1348; Version 2009; 64bit' Language: 'en' Physical Memory: 8089 MB
BatchMode: 1, IsHumanControllingUs: 0, StartBugReporterOnCrash: 0, Is64bit: 1, IsPro: 0

COMMAND LINE ARGUMENTS:
D:\Unity\2020.3.19f1\Editor\Unity.exe
-adb2
-batchMode
-noUpm
-name
AssetImportWorker2
-projectPath
D:/Unity/Simpanan/Tugas Pertemuan 1
-logFile
Logs/AssetImportWorker2.log
-srvPort
65231
Successfully changed project path to: D:/Unity/Simpanan/Tugas Pertemuan 1
D:/Unity/Simpanan/Tugas Pertemuan 1
Using Asset Import Pipeline V2.
Refreshing native plugins compatible for Editor in 142.40 ms, found 2 plugins.
Preloading 0 native plugins for Editor in 0.00 ms.
Initialize engine version: 2020.3.19f1 (68f137dc9bbe)
[Subsystems] Discovering subsystems at path D:/Unity/2020.3.19f1/Editor/Data/Resources/UnitySubsystems
[Subsystems] Discovering subsystems at path D:/Unity/Simpanan/Tugas Pertemuan 1/Assets
GfxDevice: creating device client; threaded=0
Direct3D:
    Version:  Direct3D 11.0 [level 11.1]
    Renderer: NVIDIA GeForce MX150 (ID=0x1d10)
    Vendor:   
    VRAM:     1983 MB
    Driver:   30.0.14.7196
Shader 'Enviro/Lite/SkyboxSimple': fallback shader 'None' not found
Shader 'Enviro/Standard/SkyboxSimple': fallback shader 'None' not found
Initialize mono
Mono path[0] = 'D:/Unity/2020.3.19f1/Editor/Data/Managed'
Mono path[1] = 'D:/Unity/2020.3.19f1/Editor/Data/MonoBleedingEdge/lib/mono/unityjit'
Mono config path = 'D:/Unity/2020.3.19f1/Editor/Data/MonoBleedingEdge/etc'
Using monoOptions --debugger-agent=transport=dt_socket,embedding=1,server=y,suspend=n,address=127.0.0.1:56900
Begin MonoManager ReloadAssembly
Registering precompiled unity dll's ...
Register platform support module: D:/Unity/2020.3.19f1/Editor/Data/PlaybackEngines/WebGLSupport/UnityEditor.WebGL.Extensions.dll
Register platform support module: D:/Unity/2020.3.19f1/Editor/Data/PlaybackEngines/WindowsStandaloneSupport/UnityEditor.WindowsStandalone.Extensions.dll
Registered in 0.001273 seconds.
Native extension for WindowsStandalone target not found
Native extension for WebGL target not found
Refreshing native plugins compatible for Editor in 129.16 ms, found 2 plugins.
Preloading 0 native plugins for Editor in 0.00 ms.
Mono: successfully reloaded assembly
- Completed reload, in  3.086 seconds
Domain Reload Profiling:
	ReloadAssembly (3087ms)
		BeginReloadAssembly (66ms)
			ExecutionOrderSort (0ms)
			DisableScriptedObjects (0ms)
			BackupInstance (0ms)
			ReleaseScriptingObjects (0ms)
			CreateAndSetChildDomain (1ms)
		EndReloadAssembly (698ms)
			LoadAssemblies (66ms)
			RebuildTransferFunctionScriptingTraits (0ms)
			SetupTypeCache (233ms)
			ReleaseScriptCaches (0ms)
			RebuildScriptCaches (40ms)
			SetupLoadedEditorAssemblies (313ms)
				LogAssemblyErrors (0ms)
				InitializePlatformSupportModulesInManaged (4ms)
				SetLoadedEditorAssemblies (0ms)
				RefreshPlugins (129ms)
				BeforeProcessingInitializeOnLoad (14ms)
				ProcessInitializeOnLoadAttributes (122ms)
				ProcessInitializeOnLoadMethodAttributes (43ms)
				AfterProcessingInitializeOnLoad (0ms)
				EditorAssembliesLoaded (0ms)
			ExecutionOrderSort2 (0ms)
			AwakeInstancesAfterBackupRestoration (0ms)
Platform modules already initialized, skipping
Registering precompiled user dll's ...
Registered in 0.003163 seconds.
Begin MonoManager ReloadAssembly
Native extension for WindowsStandalone target not found
Native extension for WebGL target not found
Refreshing native plugins compatible for Editor in 1.08 ms, found 2 plugins.
Preloading 0 native plugins for Editor in 0.00 ms.
Mono: successfully reloaded assembly
- Completed reload, in  1.408 seconds
Domain Reload Profiling:
	ReloadAssembly (1409ms)
		BeginReloadAssembly (221ms)
			ExecutionOrderSort (0ms)
			DisableScriptedObjects (4ms)
			BackupInstance (0ms)
			ReleaseScriptingObjects (0ms)
			CreateAndSetChildDomain (26ms)
		EndReloadAssembly (1115ms)
			LoadAssemblies (142ms)
			RebuildTransferFunctionScriptingTraits (0ms)
			SetupTypeCache (342ms)
			ReleaseScriptCaches (1ms)
			RebuildScriptCaches (67ms)
			SetupLoadedEditorAssemblies (504ms)
				LogAssemblyErrors (0ms)
				InitializePlatformSupportModulesInManaged (6ms)
				SetLoadedEditorAssemblies (0ms)
				RefreshPlugins (1ms)
				BeforeProcessingInitializeOnLoad (78ms)
				ProcessInitializeOnLoadAttributes (411ms)
				ProcessInitializeOnLoadMethodAttributes (5ms)
				AfterProcessingInitializeOnLoad (2ms)
				EditorAssembliesLoaded (0ms)
			ExecutionOrderSort2 (0ms)
			AwakeInstancesAfterBackupRestoration (7ms)
Platform modules already initialized, skipping
========================================================================
Worker process is ready to serve import requests
Shader 'Enviro/Standard/SkyboxSimple': fallback shader 'None' not found
Shader 'Enviro/Lite/SkyboxSimple': fallback shader 'None' not found
Launched and connected shader compiler UnityShaderCompiler.exe after 0.36 seconds
Refreshing native plugins compatible for Editor in 1.91 ms, found 2 plugins.
Preloading 0 native plugins for Editor in 0.00 ms.
Unloading 1844 Unused Serialized files (Serialized files now loaded: 0)
System memory in use before: 133.3 MB.
System memory in use after: 133.1 MB.

Unloading 18 unused Assets to reduce memory usage. Loaded Objects now: 2329.
Total: 301.255900 ms (FindLiveObjects: 0.442200 ms CreateObjectMapping: 0.138800 ms MarkObjects: 257.383600 ms  DeleteObjects: 29.479000 ms)

AssetImportParameters requested are different than current active one (requested -> active):
  custom:framework-win-MediaFoundation: 216162199b28c13a410421893ffa2e32 -> 
  custom:video-decoder-ogg-theora: a1e56fd34408186e4bbccfd4996cb3dc -> 
  custom:container-muxer-webm: aa71ff27fc2769a1b78a27578f13a17b -> 
  custom:container-demuxer-webm: 4f35f7cbe854078d1ac9338744f61a02 -> 
  custom:container-demuxer-ogg: 62fdf1f143b41e24485cea50d1cbac27 -> 
  custom:video-encoder-webm-vp8: eb34c28f22e8b96e1ab97ce403110664 -> 
  custom:video-codec-MediaFoundation-h265: 746d11721c4dcdbdad8f713fa42b33f4 -> 
  custom:video-decoder-webm-vp8: 9c59270c3fd7afecdb556c50c9e8de78 -> 
  custom:audio-decoder-ogg-vorbis: bf7c407c2cedff20999df2af8eb42d56 -> 
  custom:audio-encoder-webm-vorbis: bf7c407c2cedff20999df2af8eb42d56 -> 
========================================================================
Received Import Request.
  path: Assets/Inventory_LAB/Prefabs/parent
  artifactKey: Guid(f2b23ceefe2c9b741aa9733b9d71d8ba) Importer(815301076,1909f56bfc062723c751e8b465ee728b)
Start importing Assets/Inventory_LAB/Prefabs/parent using Guid(f2b23ceefe2c9b741aa9733b9d71d8ba) Importer(815301076,1909f56bfc062723c751e8b465ee728b)  -> (artifact id: '0d11d60b8dcc99b29448bc6785096a20') in 0.056899 seconds 
  Import took 0.117915 seconds .

========================================================================
Received Import Request.
  Time since last request: 0.000386 seconds.
  path: Assets/Inventory_LAB/Prefabs/parent/Treasure Content.prefab
  artifactKey: Guid(8dc88cf01a4ae91408b076dbc90a8eec) Importer(815301076,1909f56bfc062723c751e8b465ee728b)
Start importing Assets/Inventory_LAB/Prefabs/parent/Treasure Content.prefab using Guid(8dc88cf01a4ae91408b076dbc90a8eec) Importer(815301076,1909f56bfc062723c751e8b465ee728b)  -> (artifact id: 'eae929eedbbedd79d5f39ef46b168bc5') in 0.524237 seconds 
  Import took 0.571127 seconds .

========================================================================
Received Import Request.
  Time since last request: 0.000359 seconds.
  path: Assets/Inventory_LAB/Prefabs
  artifactKey: Guid(20a95491c8ffbdb4f9f54def4e9f6eb0) Importer(815301076,1909f56bfc062723c751e8b465ee728b)
Start importing Assets/Inventory_LAB/Prefabs using Guid(20a95491c8ffbdb4f9f54def4e9f6eb0) Importer(815301076,1909f56bfc062723c751e8b465ee728b)  -> (artifact id: 'b094d3e2ee4127cbcef40899d57bf21a') in 0.007042 seconds 
  Import took 0.051770 seconds .

========================================================================
Received Import Request.
  Time since last request: 0.000355 seconds.
  path: Assets/Inventory_LAB/Prefabs/parent/InventoryParent.prefab
  artifactKey: Guid(223eaadab9e58034cbcb88577ab87a11) Importer(815301076,1909f56bfc062723c751e8b465ee728b)
Start importing Assets/Inventory_LAB/Prefabs/parent/InventoryParent.prefab using Guid(223eaadab9e58034cbcb88577ab87a11) Importer(815301076,1909f56bfc062723c751e8b465ee728b)  -> (artifact id: '765616d74c4ded9acb2f7a5b614b669c') in 0.016237 seconds 
  Import took 0.040020 seconds .

========================================================================
Received Import Request.
  Time since last request: 0.000504 seconds.
  path: Assets/Inventory_LAB
  artifactKey: Guid(36b8078b27c1fa347b3ff8f0d9b571c8) Importer(815301076,1909f56bfc062723c751e8b465ee728b)
Start importing Assets/Inventory_LAB using Guid(36b8078b27c1fa347b3ff8f0d9b571c8) Importer(815301076,1909f56bfc062723c751e8b465ee728b)  -> (artifact id: 'b4d02d8181ce0f52bf9be22065a101d8') in 0.039746 seconds 
  Import took 0.075781 seconds .

========================================================================
Received Import Request.
  Time since last request: 66.980551 seconds.
  path: Assets/Inventory_LAB/Assets
  artifactKey: Guid(7c95381df95d9824087a235778743a9f) Importer(815301076,1909f56bfc062723c751e8b465ee728b)
Start importing Assets/Inventory_LAB/Assets using Guid(7c95381df95d9824087a235778743a9f) Importer(815301076,1909f56bfc062723c751e8b465ee728b)  -> (artifact id: 'bb0020e24485a9f64833bbe6f4175ea1') in 0.084870 seconds 
  Import took 0.172372 seconds .

========================================================================
Received Import Request.
  Time since last request: 0.000451 seconds.
  path: Assets/Inventory_LAB/Assets/Panel.png
  artifactKey: Guid(7f2bdc5bef6d6754aa3e5eb7d8ab1c6b) Importer(815301076,1909f56bfc062723c751e8b465ee728b)
Start importing Assets/Inventory_LAB/Assets/Panel.png using Guid(7f2bdc5bef6d6754aa3e5eb7d8ab1c6b) Importer(815301076,1909f56bfc062723c751e8b465ee728b)  -> (artifact id: '97e31b938d26f87d97ab662b22c7658d') in 1.795982 seconds 
  Import took 1.812746 seconds .

========================================================================
Received Import Request.
  Time since last request: 0.000330 seconds.
  path: Assets/Inventory_LAB/Assets/CloseButton.png
  artifactKey: Guid(8a14df2e730279e459d6207e15dbfe84) Importer(815301076,1909f56bfc062723c751e8b465ee728b)
Start importing Assets/Inventory_LAB/Assets/CloseButton.png using Guid(8a14df2e730279e459d6207e15dbfe84) Importer(815301076,1909f56bfc062723c751e8b465ee728b)  -> (artifact id: 'd55bd8e6e9b1958cf651143f5bfb38e3') in 0.045691 seconds 
  Import took 0.086589 seconds .

========================================================================
Received Import Request.
  Time since last request: 0.000171 seconds.
  path: Assets/Inventory_LAB/Assets/Icon.png
  artifactKey: Guid(f674cb940261f1243ad3a72d0c612ae2) Importer(815301076,1909f56bfc062723c751e8b465ee728b)
Start importing Assets/Inventory_LAB/Assets/Icon.png using Guid(f674cb940261f1243ad3a72d0c612ae2) Importer(815301076,1909f56bfc062723c751e8b465ee728b)  -> (artifact id: 'eab57b574d2838522ad4e1cd5f383d05') in 0.184803 seconds 
  Import took 0.189727 seconds .

========================================================================
Received Import Request.
  Time since last request: 284.844247 seconds.
  path: Assets/Inventory_LAB/Scripts
  artifactKey: Guid(117e752c0caeb2246811945f9142cef4) Importer(815301076,1909f56bfc062723c751e8b465ee728b)
Start importing Assets/Inventory_LAB/Scripts using Guid(117e752c0caeb2246811945f9142cef4) Importer(815301076,1909f56bfc062723c751e8b465ee728b)  -> (artifact id: '1bc833a34ab8da0982be77dac62b1224') in 0.005575 seconds 
  Import took 0.025442 seconds .

========================================================================
Received Import Request.
  Time since last request: 1.935400 seconds.
  path: Assets/Inventory_LAB/Scripts/Inventory System
  artifactKey: Guid(8517201a95854c04c9a1c326195094b7) Importer(815301076,1909f56bfc062723c751e8b465ee728b)
Start importing Assets/Inventory_LAB/Scripts/Inventory System using Guid(8517201a95854c04c9a1c326195094b7) Importer(815301076,1909f56bfc062723c751e8b465ee728b)  -> (artifact id: '32580a7b8003f60a1ecf1bf9f71afe58') in 0.005359 seconds 
  Import took 0.069904 seconds .

========================================================================
Received Import Request.
  Time since last request: 298.588205 seconds.
  path: Assets/Inventory_LAB/Scripts/Inventory System/Inventory.cs
  artifactKey: Guid(4eeadd5adeba6544784a9003eebd5f88) Importer(815301076,1909f56bfc062723c751e8b465ee728b)
Start importing Assets/Inventory_LAB/Scripts/Inventory System/Inventory.cs using Guid(4eeadd5adeba6544784a9003eebd5f88) Importer(815301076,1909f56bfc062723c751e8b465ee728b)  -> (artifact id: 'ace549b24271561e3b420bb136a5b4cf') in 0.023560 seconds 
  Import took 0.061221 seconds .

========================================================================
Received Import Request.
  Time since last request: 4.681892 seconds.
  path: Assets/Inventory_LAB/Scripts/Inventory System/InventorySlot.cs
  artifactKey: Guid(bb406365f0c03b647a32fac63d51fbff) Importer(815301076,1909f56bfc062723c751e8b465ee728b)
Start importing Assets/Inventory_LAB/Scripts/Inventory System/InventorySlot.cs using Guid(bb406365f0c03b647a32fac63d51fbff) Importer(815301076,1909f56bfc062723c751e8b465ee728b)  -> (artifact id: '5353bf80a375b2ee6743482e54f7c318') in 0.005755 seconds 
  Import took 0.053280 seconds .

========================================================================
Received Import Request.
  Time since last request: 152.191803 seconds.
  path: Assets/Scripts/InventorySlot.cs
  artifactKey: Guid(f3574313b7e574241915ad964a6632e0) Importer(815301076,1909f56bfc062723c751e8b465ee728b)
Start importing Assets/Scripts/InventorySlot.cs using Guid(f3574313b7e574241915ad964a6632e0) Importer(815301076,1909f56bfc062723c751e8b465ee728b)  -> (artifact id: 'df5118ba7b9f539eea972380485146d6') in 0.002202 seconds 
  Import took 0.071117 seconds .

========================================================================
Received Import Request.
  Time since last request: 37.360566 seconds.
  path: Assets/Scripts/InventorySlot.cs
  artifactKey: Guid(f3574313b7e574241915ad964a6632e0) Importer(815301076,1909f56bfc062723c751e8b465ee728b)
Start importing Assets/Scripts/InventorySlot.cs using Guid(f3574313b7e574241915ad964a6632e0) Importer(815301076,1909f56bfc062723c751e8b465ee728b)  -> (artifact id: '644ecad5bf0f258ca87a73c0f09dec3b') in 0.002199 seconds 
  Import took 0.021685 seconds .

========================================================================
Received Import Request.
  Time since last request: 40.336439 seconds.
  path: Assets/Scripts/InventorySlot.cs
  artifactKey: Guid(f3574313b7e574241915ad964a6632e0) Importer(815301076,1909f56bfc062723c751e8b465ee728b)
Start importing Assets/Scripts/InventorySlot.cs using Guid(f3574313b7e574241915ad964a6632e0) Importer(815301076,1909f56bfc062723c751e8b465ee728b)  -> (artifact id: 'da61581f51f291007bc4ab512d5b5f2e') in 0.002194 seconds 
  Import took 0.040472 seconds .

========================================================================
Received Import Request.
  Time since last request: 18.443724 seconds.
  path: Assets/Scripts/InventorySlot.cs
  artifactKey: Guid(f3574313b7e574241915ad964a6632e0) Importer(815301076,1909f56bfc062723c751e8b465ee728b)
Start importing Assets/Scripts/InventorySlot.cs using Guid(f3574313b7e574241915ad964a6632e0) Importer(815301076,1909f56bfc062723c751e8b465ee728b)  -> (artifact id: 'e8de6511d7ed89a89f990bc322a2ed10') in 0.004444 seconds 
  Import took 0.083368 seconds .

========================================================================
Received Import Request.
  Time since last request: 70.256753 seconds.
  path: Assets/Scripts/kamera.cs
  artifactKey: Guid(9c3005b214f48dc4d83e50efbe4f9086) Importer(815301076,1909f56bfc062723c751e8b465ee728b)
Start importing Assets/Scripts/kamera.cs using Guid(9c3005b214f48dc4d83e50efbe4f9086) Importer(815301076,1909f56bfc062723c751e8b465ee728b)  -> (artifact id: '79816cee9b4aec81de18e97ae10f0039') in 0.007204 seconds 
  Import took 0.024184 seconds .

========================================================================
Received Prepare
Registering precompiled user dll's ...
Registered in 0.075091 seconds.
Begin MonoManager ReloadAssembly
Native extension for WindowsStandalone target not found
Native extension for WebGL target not found
Refreshing native plugins compatible for Editor in 0.88 ms, found 2 plugins.
Preloading 0 native plugins for Editor in 0.00 ms.
Mono: successfully reloaded assembly
- Completed reload, in  0.959 seconds
Domain Reload Profiling:
	ReloadAssembly (959ms)
		BeginReloadAssembly (166ms)
			ExecutionOrderSort (0ms)
			DisableScriptedObjects (4ms)
			BackupInstance (0ms)
			ReleaseScriptingObjects (1ms)
			CreateAndSetChildDomain (78ms)
		EndReloadAssembly (743ms)
			LoadAssemblies (93ms)
			RebuildTransferFunctionScriptingTraits (0ms)
			SetupTypeCache (264ms)
			ReleaseScriptCaches (1ms)
			RebuildScriptCaches (37ms)
			SetupLoadedEditorAssemblies (249ms)
				LogAssemblyErrors (0ms)
				InitializePlatformSupportModulesInManaged (5ms)
				SetLoadedEditorAssemblies (0ms)
				RefreshPlugins (1ms)
				BeforeProcessingInitializeOnLoad (44ms)
				ProcessInitializeOnLoadAttributes (193ms)
				ProcessInitializeOnLoadMethodAttributes (4ms)
				AfterProcessingInitializeOnLoad (2ms)
				EditorAssembliesLoaded (0ms)
			ExecutionOrderSort2 (0ms)
			AwakeInstancesAfterBackupRestoration (7ms)
Platform modules already initialized, skipping
Shader 'Enviro/Standard/SkyboxSimple': fallback shader 'None' not found
Shader 'Enviro/Lite/SkyboxSimple': fallback shader 'None' not found
Refreshing native plugins compatible for Editor in 1.14 ms, found 2 plugins.
Preloading 0 native plugins for Editor in 0.00 ms.
Unloading 1749 Unused Serialized files (Serialized files now loaded: 0)
System memory in use before: 128.1 MB.
System memory in use after: 127.8 MB.

Unloading 21 unused Assets to reduce memory usage. Loaded Objects now: 2334.
Total: 28.475600 ms (FindLiveObjects: 0.268700 ms CreateObjectMapping: 0.088400 ms MarkObjects: 27.668500 ms  DeleteObjects: 0.448000 ms)

AssetImportParameters requested are different than current active one (requested -> active):
  custom:framework-win-MediaFoundation: 216162199b28c13a410421893ffa2e32 -> 
  custom:video-decoder-ogg-theora: a1e56fd34408186e4bbccfd4996cb3dc -> 
  custom:container-muxer-webm: aa71ff27fc2769a1b78a27578f13a17b -> 
  custom:container-demuxer-webm: 4f35f7cbe854078d1ac9338744f61a02 -> 
  custom:container-demuxer-ogg: 62fdf1f143b41e24485cea50d1cbac27 -> 
  custom:video-encoder-webm-vp8: eb34c28f22e8b96e1ab97ce403110664 -> 
  custom:video-codec-MediaFoundation-h265: 746d11721c4dcdbdad8f713fa42b33f4 -> 
  custom:video-decoder-webm-vp8: 9c59270c3fd7afecdb556c50c9e8de78 -> 
  custom:audio-decoder-ogg-vorbis: bf7c407c2cedff20999df2af8eb42d56 -> 
  custom:audio-encoder-webm-vorbis: bf7c407c2cedff20999df2af8eb42d56 -> 
========================================================================
Received Import Request.
  Time since last request: 744.831540 seconds.
  path: Assets/Inventory_LAB/Prefabs/parent/InventoryParent.prefab
  artifactKey: Guid(223eaadab9e58034cbcb88577ab87a11) Importer(815301076,1909f56bfc062723c751e8b465ee728b)
Start importing Assets/Inventory_LAB/Prefabs/parent/InventoryParent.prefab using Guid(223eaadab9e58034cbcb88577ab87a11) Importer(815301076,1909f56bfc062723c751e8b465ee728b)  -> (artifact id: 'aa56aec58e85c468226fe8a6cef0a241') in 0.139122 seconds 
  Import took 0.206182 seconds .

========================================================================
Received Import Request.
  Time since last request: 0.000500 seconds.
  path: Assets/Inventory_LAB/Prefabs/parent/Treasure Content.prefab
  artifactKey: Guid(8dc88cf01a4ae91408b076dbc90a8eec) Importer(815301076,1909f56bfc062723c751e8b465ee728b)
Start importing Assets/Inventory_LAB/Prefabs/parent/Treasure Content.prefab using Guid(8dc88cf01a4ae91408b076dbc90a8eec) Importer(815301076,1909f56bfc062723c751e8b465ee728b)  -> (artifact id: 'a948d15a4d751345f4398c326b32edcf') in 0.050532 seconds 
  Import took 0.084229 seconds .

========================================================================
Received Import Request.
  Time since last request: 285.170806 seconds.
  path: Assets/Inventory_LAB/Scripts/Inventory System/InventoryUI.cs
  artifactKey: Guid(f1d5ac62e77f34b47b92564fecc6fe06) Importer(815301076,1909f56bfc062723c751e8b465ee728b)
Start importing Assets/Inventory_LAB/Scripts/Inventory System/InventoryUI.cs using Guid(f1d5ac62e77f34b47b92564fecc6fe06) Importer(815301076,1909f56bfc062723c751e8b465ee728b)  -> (artifact id: 'c96bf302403b390984c7bf964ebe995b') in 0.006588 seconds 
  Import took 0.022953 seconds .

========================================================================
Received Import Request.
  Time since last request: 30.261935 seconds.
  path: Assets/Inventory_LAB/Scripts/Treasure System
  artifactKey: Guid(3b6b7570f7f06334d8f92aba54a0297c) Importer(815301076,1909f56bfc062723c751e8b465ee728b)
Start importing Assets/Inventory_LAB/Scripts/Treasure System using Guid(3b6b7570f7f06334d8f92aba54a0297c) Importer(815301076,1909f56bfc062723c751e8b465ee728b)  -> (artifact id: 'e177c0ebf4419824d9bf01604e8ba9b6') in 0.006211 seconds 
  Import took 0.036109 seconds .

========================================================================
Received Import Request.
  Time since last request: 1.622538 seconds.
  path: Assets/Inventory_LAB/Scripts/Treasure System/CollectableSlot.cs
  artifactKey: Guid(de28b6e7fb2993c4a817f13ad9d74a1c) Importer(815301076,1909f56bfc062723c751e8b465ee728b)
Start importing Assets/Inventory_LAB/Scripts/Treasure System/CollectableSlot.cs using Guid(de28b6e7fb2993c4a817f13ad9d74a1c) Importer(815301076,1909f56bfc062723c751e8b465ee728b)  -> (artifact id: '6b1fc0007e0c1242e060728badce0606') in 0.005798 seconds 
  Import took 0.076058 seconds .

========================================================================
Received Import Request.
  Time since last request: 87.282866 seconds.
  path: Assets/Inventory_LAB/Scripts/Treasure System/TreasureContentUI.cs
  artifactKey: Guid(88c574d15a40df540b95f1b3cce28b97) Importer(815301076,1909f56bfc062723c751e8b465ee728b)
Start importing Assets/Inventory_LAB/Scripts/Treasure System/TreasureContentUI.cs using Guid(88c574d15a40df540b95f1b3cce28b97) Importer(815301076,1909f56bfc062723c751e8b465ee728b)  -> (artifact id: '9088799829f53eaafdeb60d9555d858a') in 0.007769 seconds 
  Import took 0.050872 seconds .

========================================================================
Received Import Request.
  Time since last request: 226.281691 seconds.
  path: Assets/Inventory_LAB/Scripts/Item Scripts
  artifactKey: Guid(cf2281bad9405a4438a09c62ba3ee190) Importer(815301076,1909f56bfc062723c751e8b465ee728b)
Start importing Assets/Inventory_LAB/Scripts/Item Scripts using Guid(cf2281bad9405a4438a09c62ba3ee190) Importer(815301076,1909f56bfc062723c751e8b465ee728b)  -> (artifact id: '68d1421e5ae12a7304e5c6764e36b3c4') in 0.006627 seconds 
  Import took 0.069208 seconds .

========================================================================
Received Import Request.
  Time since last request: 0.748433 seconds.
  path: Assets/Inventory_LAB/Scripts/Item Scripts/Item.cs
  artifactKey: Guid(59fe36cc537c40a49bf9992c71d33d70) Importer(815301076,1909f56bfc062723c751e8b465ee728b)
Start importing Assets/Inventory_LAB/Scripts/Item Scripts/Item.cs using Guid(59fe36cc537c40a49bf9992c71d33d70) Importer(815301076,1909f56bfc062723c751e8b465ee728b)  -> (artifact id: 'a58e4e847f7690707370a3fd1cffc31e') in 0.005634 seconds 
  Import took 0.029768 seconds .

========================================================================
Received Import Request.
  Time since last request: 1065.949577 seconds.
  path: Assets/Inventory_LAB/Scripts/Inventory System/ItemPertama.asset
  artifactKey: Guid(7e04c738cf2f4a441b74551cd72d86c4) Importer(815301076,1909f56bfc062723c751e8b465ee728b)
Start importing Assets/Inventory_LAB/Scripts/Inventory System/ItemPertama.asset using Guid(7e04c738cf2f4a441b74551cd72d86c4) Importer(815301076,1909f56bfc062723c751e8b465ee728b)  -> (artifact id: '93feb4a7b5633c68a66bee2a42ecc563') in 0.008788 seconds 
  Import took 0.040743 seconds .

========================================================================
Received Import Request.
  Time since last request: 1206.005057 seconds.
  path: Assets/Animated PBR Chest Demo/Fbx
  artifactKey: Guid(a773ebaa72c221e45b0a4915f025a310) Importer(815301076,1909f56bfc062723c751e8b465ee728b)
Start importing Assets/Animated PBR Chest Demo/Fbx using Guid(a773ebaa72c221e45b0a4915f025a310) Importer(815301076,1909f56bfc062723c751e8b465ee728b)  -> (artifact id: 'd1207b0102f1b50443a951fe2e31aea4') in 0.005891 seconds 
  Import took 0.036220 seconds .

========================================================================
Received Import Request.
  Time since last request: 0.099237 seconds.
  path: Assets/Animated PBR Chest Demo/Fbx/Animated PBR Chest _Wood_Demo.fbx
  artifactKey: Guid(1cc6cc20abc7a464a9dec49ee02361cf) Importer(815301076,1909f56bfc062723c751e8b465ee728b)
Start importing Assets/Animated PBR Chest Demo/Fbx/Animated PBR Chest _Wood_Demo.fbx using Guid(1cc6cc20abc7a464a9dec49ee02361cf) Importer(815301076,1909f56bfc062723c751e8b465ee728b)  -> (artifact id: '3dfe7122e58948392edb5132e9f39682') in 3.022455 seconds 
  Import took 3.029367 seconds .

========================================================================
Received Import Request.
  Time since last request: 84.855947 seconds.
  path: Assets/Animated PBR Chest Demo/Animation
  artifactKey: Guid(d3f3f2f7d0405184f9c7521c6471ad2b) Importer(815301076,1909f56bfc062723c751e8b465ee728b)
Start importing Assets/Animated PBR Chest Demo/Animation using Guid(d3f3f2f7d0405184f9c7521c6471ad2b) Importer(815301076,1909f56bfc062723c751e8b465ee728b)  -> (artifact id: 'cb5f1ef69191f0ecb01f6a1d67e70665') in 0.005537 seconds 
  Import took 0.009116 seconds .

========================================================================
Received Import Request.
  Time since last request: 159.198424 seconds.
  path: Assets/Animated PBR Chest Demo/Fx
  artifactKey: Guid(6c4bb9e487939f2479dde2a0b2062469) Importer(815301076,1909f56bfc062723c751e8b465ee728b)
Start importing Assets/Animated PBR Chest Demo/Fx using Guid(6c4bb9e487939f2479dde2a0b2062469) Importer(815301076,1909f56bfc062723c751e8b465ee728b)  -> (artifact id: '6aeba554c9c194860280cbf8dd5e74b5') in 0.032113 seconds 
  Import took 0.037377 seconds .

========================================================================
Received Import Request.
  Time since last request: 0.862949 seconds.
  path: Assets/Animated PBR Chest Demo/Fx/Animated PBR Chest _Fx_D.prefab
  artifactKey: Guid(890ae7669926a2848bc4d3e31b3e0872) Importer(815301076,1909f56bfc062723c751e8b465ee728b)
Start importing Assets/Animated PBR Chest Demo/Fx/Animated PBR Chest _Fx_D.prefab using Guid(890ae7669926a2848bc4d3e31b3e0872) Importer(815301076,1909f56bfc062723c751e8b465ee728b)  -> (artifact id: 'f361aab216341ff654826e608f329fee') in 0.427070 seconds 
  Import took 0.469884 seconds .

========================================================================
Received Import Request.
  Time since last request: 240.200790 seconds.
  path: Assets/Inventory_LAB/Scripts/Treasure System/treasurescript.cs
  artifactKey: Guid(6117c5a616a30ed4ab31fa52d4e1e8f7) Importer(815301076,1909f56bfc062723c751e8b465ee728b)
Start importing Assets/Inventory_LAB/Scripts/Treasure System/treasurescript.cs using Guid(6117c5a616a30ed4ab31fa52d4e1e8f7) Importer(815301076,1909f56bfc062723c751e8b465ee728b)  -> (artifact id: 'c1a3781def9458570997afb4205613fb') in 0.005854 seconds 
  Import took 0.045258 seconds .

========================================================================
Received Import Request.
  Time since last request: 769.599230 seconds.
  path: Assets/Inventory_LAB/HealthPotion
  artifactKey: Guid(3585e7b374764db46afac2bea36d49c5) Importer(815301076,1909f56bfc062723c751e8b465ee728b)
Start importing Assets/Inventory_LAB/HealthPotion using Guid(3585e7b374764db46afac2bea36d49c5) Importer(815301076,1909f56bfc062723c751e8b465ee728b)  -> (artifact id: '022129418b32b395381d93b3123ff5d3') in 0.005600 seconds 
  Import took 0.030139 seconds .

========================================================================
Received Import Request.
  Time since last request: 0.091515 seconds.
  path: Assets/Inventory_LAB/HealthPotion/Health Potion I.asset
  artifactKey: Guid(ebb266e29d17a734db51f740d553f71d) Importer(815301076,1909f56bfc062723c751e8b465ee728b)
Start importing Assets/Inventory_LAB/HealthPotion/Health Potion I.asset using Guid(ebb266e29d17a734db51f740d553f71d) Importer(815301076,1909f56bfc062723c751e8b465ee728b)  -> (artifact id: 'b78c881ee8d476b7f2e2e61f2a3bb660') in 0.117162 seconds 
  Import took 0.189287 seconds .

========================================================================
Received Import Request.
  Time since last request: 0.000344 seconds.
  path: Assets/Inventory_LAB/HealthPotion/Health Potion1.png
  artifactKey: Guid(e2c7fb5921b138c43a27c165b8396a0b) Importer(815301076,1909f56bfc062723c751e8b465ee728b)
Start importing Assets/Inventory_LAB/HealthPotion/Health Potion1.png using Guid(e2c7fb5921b138c43a27c165b8396a0b) Importer(815301076,1909f56bfc062723c751e8b465ee728b)  -> (artifact id: 'dfca95121bbd9473a1898d9e83cf69ca') in 0.781685 seconds 
  Import took 0.804597 seconds .

========================================================================
Received Import Request.
  Time since last request: 0.000261 seconds.
  path: Assets/Inventory_LAB/HealthPotion/Health Potion X.asset
  artifactKey: Guid(061fe6be8d5605f458670b3a3aa7b729) Importer(815301076,1909f56bfc062723c751e8b465ee728b)
Start importing Assets/Inventory_LAB/HealthPotion/Health Potion X.asset using Guid(061fe6be8d5605f458670b3a3aa7b729) Importer(815301076,1909f56bfc062723c751e8b465ee728b)  -> (artifact id: 'b922247823f9e5f6fee0911a69696c48') in 0.028284 seconds 
  Import took 0.049379 seconds .

========================================================================
Received Import Request.
  Time since last request: 0.000356 seconds.
  path: Assets/Inventory_LAB/HealthPotion/Health Potion.png
  artifactKey: Guid(aa8a4d9610bcc3549a5eecd513b10eef) Importer(815301076,1909f56bfc062723c751e8b465ee728b)
Start importing Assets/Inventory_LAB/HealthPotion/Health Potion.png using Guid(aa8a4d9610bcc3549a5eecd513b10eef) Importer(815301076,1909f56bfc062723c751e8b465ee728b)  -> (artifact id: '46f2c8e001d17613a3867691fbf0da86') in 0.127226 seconds 
  Import took 0.182564 seconds .

========================================================================
Received Import Request.
  Time since last request: 0.000312 seconds.
  path: Assets/Inventory_LAB/HealthPotion/Health Potion2.png
  artifactKey: Guid(bffb3a5384ba9754da027bb2dd17edc6) Importer(815301076,1909f56bfc062723c751e8b465ee728b)
Start importing Assets/Inventory_LAB/HealthPotion/Health Potion2.png using Guid(bffb3a5384ba9754da027bb2dd17edc6) Importer(815301076,1909f56bfc062723c751e8b465ee728b)  -> (artifact id: '17e6b867e46b935e12e1fa901fb16cda') in 0.018363 seconds 
  Import took 0.065787 seconds .

========================================================================
Received Import Request.
  Time since last request: 0.000296 seconds.
  path: Assets/Inventory_LAB/HealthPotion/Health Potion V.asset
  artifactKey: Guid(cb0e281dcac1f8d478f5615814d2b3f3) Importer(815301076,1909f56bfc062723c751e8b465ee728b)
Start importing Assets/Inventory_LAB/HealthPotion/Health Potion V.asset using Guid(cb0e281dcac1f8d478f5615814d2b3f3) Importer(815301076,1909f56bfc062723c751e8b465ee728b)  -> (artifact id: '0537e57f18fcb2dd7dee0d22364ebee9') in 0.036060 seconds 
  Import took 0.039992 seconds .

========================================================================
Received Import Request.
  Time since last request: 96.883828 seconds.
  path: Assets/Inventory_LAB/Prefabs/slot
  artifactKey: Guid(0a41f9a1eaf13e54ba75a3f9403c7a68) Importer(815301076,1909f56bfc062723c751e8b465ee728b)
Start importing Assets/Inventory_LAB/Prefabs/slot using Guid(0a41f9a1eaf13e54ba75a3f9403c7a68) Importer(815301076,1909f56bfc062723c751e8b465ee728b)  -> (artifact id: '54d295ac4868592d28047d6d88d3736f') in 0.029933 seconds 
  Import took 0.048805 seconds .

========================================================================
Received Import Request.
  Time since last request: 0.047287 seconds.
  path: Assets/Inventory_LAB/Prefabs/slot/colactableSlot.prefab
  artifactKey: Guid(5779188f06bc2d847b3d3e8e02856e1f) Importer(815301076,1909f56bfc062723c751e8b465ee728b)
Start importing Assets/Inventory_LAB/Prefabs/slot/colactableSlot.prefab using Guid(5779188f06bc2d847b3d3e8e02856e1f) Importer(815301076,1909f56bfc062723c751e8b465ee728b)  -> (artifact id: '909fa0c8331036f7ed9e3f1ea286a1e7') in 0.138942 seconds 
  Import took 0.143633 seconds .

========================================================================
Received Import Request.
  Time since last request: 0.000342 seconds.
  path: Assets/Inventory_LAB/Prefabs/slot/InventorySlot.prefab
  artifactKey: Guid(779d52ec8387bf54ea3e9d985b4e6600) Importer(815301076,1909f56bfc062723c751e8b465ee728b)
Start importing Assets/Inventory_LAB/Prefabs/slot/InventorySlot.prefab using Guid(779d52ec8387bf54ea3e9d985b4e6600) Importer(815301076,1909f56bfc062723c751e8b465ee728b)  -> (artifact id: '6e0295186ba83be713910f94e5f8a29f') in 0.065851 seconds 
  Import took 0.091531 seconds .

========================================================================
Received Import Request.
  Time since last request: 142.298407 seconds.
  path: Assets/Inventory_LAB/Scripts/Item Scripts/healthPotion.cs
  artifactKey: Guid(6b18962e9694d9941a7e3cbf6616ae36) Importer(815301076,1909f56bfc062723c751e8b465ee728b)
Start importing Assets/Inventory_LAB/Scripts/Item Scripts/healthPotion.cs using Guid(6b18962e9694d9941a7e3cbf6616ae36) Importer(815301076,1909f56bfc062723c751e8b465ee728b)  -> (artifact id: 'f4794ea3b048dbbb6d062178639a953b') in 0.006418 seconds 
  Import took 0.060073 seconds .

========================================================================
Received Import Request.
  Time since last request: 108.210537 seconds.
  path: Assets/Inventory_LAB/Scripts/Item Scripts/HP.asset
  artifactKey: Guid(f67f41c3b13662b41821fd2d36becafe) Importer(815301076,1909f56bfc062723c751e8b465ee728b)
Start importing Assets/Inventory_LAB/Scripts/Item Scripts/HP.asset using Guid(f67f41c3b13662b41821fd2d36becafe) Importer(815301076,1909f56bfc062723c751e8b465ee728b)  -> (artifact id: 'f6efb71e606af95901f10cc124edcd57') in 0.008076 seconds 
  Import took 0.033471 seconds .

AssetImportWorkerClient::OnTransportError - code=2 error=End of file
